\BOOKMARK [0][-]{portada.0}{Portada}{}% 1
\BOOKMARK [0][-]{toc.0}{\315ndice General}{}% 2
\BOOKMARK [0][-]{section*.2}{\315ndice de Figuras}{}% 3
\BOOKMARK [0][-]{section*.4}{\315ndice de Tablas}{}% 4
\BOOKMARK [0][-]{chapter.1}{1 Introducci\363n}{}% 5
\BOOKMARK [1][-]{section.1.1}{1.1 Antecedentes hist\363ricos}{chapter.1}% 6
\BOOKMARK [1][-]{section.1.2}{1.2 Definici\363n del problema}{chapter.1}% 7
\BOOKMARK [1][-]{section.1.3}{1.3 Estado del arte}{chapter.1}% 8
\BOOKMARK [1][-]{section.1.4}{1.4 Hip\363tesis de trabajo}{chapter.1}% 9
\BOOKMARK [1][-]{section.1.5}{1.5 Objetivos}{chapter.1}% 10
\BOOKMARK [2][-]{subsection.1.5.1}{1.5.1 Objetivo general}{section.1.5}% 11
\BOOKMARK [2][-]{subsection.1.5.2}{1.5.2 Objetivos espec\355ficos}{section.1.5}% 12
\BOOKMARK [1][-]{section.1.6}{1.6 Alcances y limitaciones}{chapter.1}% 13
\BOOKMARK [1][-]{section.1.7}{1.7 Metodolog\355a}{chapter.1}% 14
\BOOKMARK [0][-]{chapter.2}{2 Marco Te\363rico}{}% 15
\BOOKMARK [1][-]{section.2.1}{2.1 Introducci\363n}{chapter.2}% 16
\BOOKMARK [1][-]{section.2.2}{2.2 Aplicaciones y aproximaciones en sistemas de posicionamiento indoor}{chapter.2}% 17
\BOOKMARK [2][-]{subsection.2.2.1}{2.2.1 An\341lisis de Escena}{section.2.2}% 18
\BOOKMARK [2][-]{subsection.2.2.2}{2.2.2 Detecci\363n de proximidad}{section.2.2}% 19
\BOOKMARK [2][-]{subsection.2.2.3}{2.2.3 Triangulaci\363n}{section.2.2}% 20
\BOOKMARK [3][-]{subsubsection.2.2.3.1}{2.2.3.1 Angulaci\363n}{subsection.2.2.3}% 21
\BOOKMARK [3][-]{subsubsection.2.2.3.2}{2.2.3.2 Lateraci\363n}{subsection.2.2.3}% 22
\BOOKMARK [0][-]{chapter.3}{3 Dise\361o de algoritmo}{}% 23
\BOOKMARK [1][-]{section.3.1}{3.1 Introducci\363n}{chapter.3}% 24
\BOOKMARK [1][-]{section.3.2}{3.2 Dise\361o general de trabajo}{chapter.3}% 25
\BOOKMARK [2][-]{subsection.3.2.1}{3.2.1 Offline}{section.3.2}% 26
\BOOKMARK [3][-]{subsubsection.3.2.1.1}{3.2.1.1 Medici\363n}{subsection.3.2.1}% 27
\BOOKMARK [3][-]{subsubsection.3.2.1.2}{3.2.1.2 Extracci\363n y procesamiento de datos}{subsection.3.2.1}% 28
\BOOKMARK [3][-]{subsubsection.3.2.1.3}{3.2.1.3 Dise\361o de Set de Entrenamiento}{subsection.3.2.1}% 29
\BOOKMARK [3][-]{subsubsection.3.2.1.4}{3.2.1.4 Entrenamiento y Optimizaci\363n}{subsection.3.2.1}% 30
\BOOKMARK [2][-]{subsection.3.2.2}{3.2.2 Online}{section.3.2}% 31
\BOOKMARK [3][-]{subsubsection.3.2.2.1}{3.2.2.1 Predicci\363n por ANN}{subsection.3.2.2}% 32
\BOOKMARK [3][-]{subsubsection.3.2.2.2}{3.2.2.2 Posicionamiento}{subsection.3.2.2}% 33
\BOOKMARK [0][-]{chapter.4}{4 Implementaci\363n}{}% 34
\BOOKMARK [1][-]{section.4.1}{4.1 Introducci\363n}{chapter.4}% 35
\BOOKMARK [1][-]{section.4.2}{4.2 Implementaci\363n general de trabajo}{chapter.4}% 36
\BOOKMARK [2][-]{subsection.4.2.1}{4.2.1 Adquisici\363n de RSSI}{section.4.2}% 37
\BOOKMARK [2][-]{subsection.4.2.2}{4.2.2 Set de entrenamiento}{section.4.2}% 38
\BOOKMARK [2][-]{subsection.4.2.3}{4.2.3 Red Neuronal}{section.4.2}% 39
\BOOKMARK [2][-]{subsection.4.2.4}{4.2.4 Visualizaci\363n de Posici\363n del Usuario}{section.4.2}% 40
\BOOKMARK [0][-]{chapter.5}{5 Resultados}{}% 41
\BOOKMARK [1][-]{section.5.1}{5.1 Introducci\363n}{chapter.5}% 42
\BOOKMARK [1][-]{section.5.2}{5.2 Implementaci\363n general de trabajo}{chapter.5}% 43
\BOOKMARK [1][-]{section.5.3}{5.3 Medici\363n}{chapter.5}% 44
\BOOKMARK [1][-]{section.5.4}{5.4 Extracci\363n}{chapter.5}% 45
\BOOKMARK [1][-]{section.5.5}{5.5 Visualizaci\363n}{chapter.5}% 46
\BOOKMARK [0][-]{chapter.6}{6 Conclusiones}{}% 47
\BOOKMARK [1][-]{section.6.1}{6.1 Sumario}{chapter.6}% 48
\BOOKMARK [1][-]{section.6.2}{6.2 Conclusiones}{chapter.6}% 49
\BOOKMARK [1][-]{section.6.3}{6.3 Trabajo Futuro}{chapter.6}% 50
\BOOKMARK [0][-]{bibliografia.0}{Bibliograf\355a}{}% 51
